2024-02-22 15:21:16,592 - INFO - Starting document loading from ../data/Evaluation Sets/Raptor Contract.docx
2024-02-22 15:21:16,592 - ERROR - Error loading TXT files: 'str' object has no attribute 'as_posix'
2024-02-22 15:21:16,593 - ERROR - Error loading PDF files: 'str' object has no attribute 'as_posix'
2024-02-22 15:21:16,593 - ERROR - Error loading CSV files: 'str' object has no attribute 'as_posix'
2024-02-22 15:21:16,593 - ERROR - Error loading DOCX files: 'str' object has no attribute 'as_posix'
2024-02-22 15:21:16,593 - INFO - Successfully loaded 0 documents.
2024-02-22 15:29:41,942 - INFO - Starting document loading from ../data/Evaluation Sets/'Raptor Contract'.docx
2024-02-22 15:29:41,942 - ERROR - Error loading TXT files: 'str' object has no attribute 'as_posix'
2024-02-22 15:29:41,942 - ERROR - Error loading PDF files: 'str' object has no attribute 'as_posix'
2024-02-22 15:29:41,942 - ERROR - Error loading CSV files: 'str' object has no attribute 'as_posix'
2024-02-22 15:29:41,942 - ERROR - Error loading DOCX files: 'str' object has no attribute 'as_posix'
2024-02-22 15:29:41,943 - INFO - Successfully loaded 0 documents.
2024-02-22 15:33:12,638 - INFO - Starting document loading from ../data/Evaluation Sets/Raptor Contract.docx
2024-02-22 15:33:12,638 - ERROR - Error loading TXT files: 'str' object has no attribute 'as_posix'
2024-02-22 15:33:12,639 - ERROR - Error loading PDF files: 'str' object has no attribute 'as_posix'
2024-02-22 15:33:12,640 - ERROR - Error loading CSV files: 'str' object has no attribute 'as_posix'
2024-02-22 15:33:12,640 - ERROR - Error loading DOCX files: 'str' object has no attribute 'as_posix'
2024-02-22 15:33:12,640 - INFO - Successfully loaded 0 documents.
2024-02-22 15:36:39,978 - INFO - Starting document loading from ../data/'Evaluation Sets/''Raptor Contract.docx'
2024-02-22 15:36:39,978 - ERROR - Error loading TXT files: 'str' object has no attribute 'as_posix'
2024-02-22 15:36:39,978 - ERROR - Error loading PDF files: 'str' object has no attribute 'as_posix'
2024-02-22 15:36:39,978 - ERROR - Error loading CSV files: 'str' object has no attribute 'as_posix'
2024-02-22 15:36:39,978 - ERROR - Error loading DOCX files: 'str' object has no attribute 'as_posix'
2024-02-22 15:36:39,978 - INFO - Successfully loaded 0 documents.
2024-02-22 15:36:51,003 - INFO - Starting document loading from ../data/'Evaluation Sets/''Raptor Contract.docx'
2024-02-22 15:36:51,003 - ERROR - Error loading TXT files: 'str' object has no attribute 'as_posix'
2024-02-22 15:36:51,003 - ERROR - Error loading PDF files: 'str' object has no attribute 'as_posix'
2024-02-22 15:36:51,004 - ERROR - Error loading CSV files: 'str' object has no attribute 'as_posix'
2024-02-22 15:36:51,004 - ERROR - Error loading DOCX files: 'str' object has no attribute 'as_posix'
2024-02-22 15:36:51,004 - INFO - Successfully loaded 0 documents.
2024-02-22 15:38:14,604 - INFO - Starting document loading from /home/elias/Documents/10 Academy/WEEK 11/LegalAI-RAG-Contract-Advisor/data/Evaluation Sets/Raptor Contract.docx
2024-02-22 15:38:14,604 - ERROR - Error loading TXT files: 'str' object has no attribute 'as_posix'
2024-02-22 15:38:14,605 - ERROR - Error loading PDF files: 'str' object has no attribute 'as_posix'
2024-02-22 15:38:14,605 - ERROR - Error loading CSV files: 'str' object has no attribute 'as_posix'
2024-02-22 15:38:14,605 - ERROR - Error loading DOCX files: 'str' object has no attribute 'as_posix'
2024-02-22 15:38:14,605 - INFO - Successfully loaded 0 documents.
2024-02-22 15:38:38,093 - INFO - Starting document loading from /home/elias/Documents/10 Academy/WEEK 11/LegalAI-RAG-Contract-Advisor/data/job_status.csv
2024-02-22 15:38:38,094 - ERROR - Error loading TXT files: 'str' object has no attribute 'as_posix'
2024-02-22 15:38:38,094 - ERROR - Error loading PDF files: 'str' object has no attribute 'as_posix'
2024-02-22 15:38:38,094 - ERROR - Error loading CSV files: 'str' object has no attribute 'as_posix'
2024-02-22 15:38:38,094 - ERROR - Error loading DOCX files: 'str' object has no attribute 'as_posix'
2024-02-22 15:38:38,095 - INFO - Successfully loaded 0 documents.
2024-02-22 15:39:15,817 - INFO - Starting document loading from /home/elias/Documents/10 Academy/WEEK 11/LegalAI-RAG-Contract-Advisor/data/job_status.csv
2024-02-22 15:39:15,818 - ERROR - Error loading TXT files: 'str' object has no attribute 'as_posix'
2024-02-22 15:39:15,818 - ERROR - Error loading PDF files: 'str' object has no attribute 'as_posix'
2024-02-22 15:39:15,818 - ERROR - Error loading CSV files: 'str' object has no attribute 'as_posix'
2024-02-22 15:39:15,818 - ERROR - Error loading DOCX files: 'str' object has no attribute 'as_posix'
2024-02-22 15:39:15,819 - INFO - Successfully loaded 0 documents.
2024-02-22 15:39:44,846 - INFO - Starting document loading from ../data/Evaluation Sets/Raptor Contract.docx
2024-02-22 15:39:44,846 - ERROR - Error loading TXT files: 'str' object has no attribute 'as_posix'
2024-02-22 15:39:44,846 - ERROR - Error loading PDF files: 'str' object has no attribute 'as_posix'
2024-02-22 15:39:44,846 - ERROR - Error loading CSV files: 'str' object has no attribute 'as_posix'
2024-02-22 15:39:44,846 - ERROR - Error loading DOCX files: 'str' object has no attribute 'as_posix'
2024-02-22 15:39:44,846 - INFO - Successfully loaded 0 documents.
2024-02-22 15:57:05,949 - INFO - Starting document loading from ../data/Evaluation Sets/Raptor Contract.docx
2024-02-22 15:57:05,950 - ERROR - Error loading TXT files: 'str' object has no attribute 'as_posix'
2024-02-22 15:57:05,950 - ERROR - Error loading PDF files: 'str' object has no attribute 'as_posix'
2024-02-22 15:57:05,950 - ERROR - Error loading CSV files: 'str' object has no attribute 'as_posix'
2024-02-22 15:57:05,950 - ERROR - Error loading DOCX files: 'str' object has no attribute 'as_posix'
2024-02-22 15:57:05,950 - INFO - Successfully loaded 0 documents.
2024-02-22 16:00:14,044 - INFO - Starting document loading from ../data/
2024-02-22 16:00:14,044 - ERROR - Error loading TXT files: 'str' object has no attribute 'as_posix'
2024-02-22 16:00:14,044 - ERROR - Error loading PDF files: 'str' object has no attribute 'as_posix'
2024-02-22 16:00:14,044 - ERROR - Error loading CSV files: 'str' object has no attribute 'as_posix'
2024-02-22 16:00:14,044 - ERROR - Error loading DOCX files: 'str' object has no attribute 'as_posix'
2024-02-22 16:00:14,044 - INFO - Successfully loaded 0 documents.
2024-02-22 16:00:39,035 - INFO - Starting document loading from ../data/
2024-02-22 16:00:39,035 - ERROR - Error loading TXT files: 'str' object has no attribute 'as_posix'
2024-02-22 16:00:39,035 - ERROR - Error loading PDF files: 'str' object has no attribute 'as_posix'
2024-02-22 16:00:39,035 - ERROR - Error loading CSV files: 'str' object has no attribute 'as_posix'
2024-02-22 16:00:39,035 - ERROR - Error loading DOCX files: 'str' object has no attribute 'as_posix'
2024-02-22 16:00:39,035 - INFO - Successfully loaded 0 documents.
2024-02-22 16:02:25,605 - INFO - Starting document loading from ../data/
2024-02-22 16:02:25,605 - ERROR - Error loading DOCX files: 'str' object has no attribute 'as_posix'
2024-02-22 16:02:25,605 - INFO - Successfully loaded 0 documents.
2024-02-22 16:04:56,603 - INFO - Starting document loading from ../data/Evaluation Sets/Raptor Contract.docx
2024-02-22 16:04:56,603 - ERROR - Error loading DOCX files: name 'Docx2txtLoader' is not defined
2024-02-22 16:04:56,604 - INFO - Successfully loaded 0 documents.
2024-02-22 16:06:52,648 - INFO - Starting document loading from ../data/Evaluation Sets/Raptor Contract.docx
2024-02-22 16:06:52,648 - ERROR - Error loading DOCX files: Expected directory, got file: '../data/Evaluation Sets/Raptor Contract.docx'
2024-02-22 16:06:52,649 - INFO - Successfully loaded 0 documents.
2024-02-22 16:08:24,459 - INFO - Starting document loading from ../data/Evaluation Sets
2024-02-22 16:08:25,476 - ERROR - Error loading DOCX files: 'DirectoryLoader' object has no attribute 'loaded_count'
2024-02-22 16:08:25,476 - INFO - Successfully loaded 4 documents.
2024-02-22 16:39:01,889 - INFO - Starting document loading from ../data/Evaluation Sets
2024-02-22 16:39:02,252 - ERROR - Error loading DOCX files: 'DirectoryLoader' object has no attribute 'loaded_count'
2024-02-22 16:39:02,473 - ERROR - Error loading TXT files: 'DirectoryLoader' object has no attribute 'loaded_count'
2024-02-22 16:39:02,473 - ERROR - Error loading PDF files: name 'PyPDFLoader' is not defined
2024-02-22 16:39:02,473 - ERROR - Error loading CSV files: name 'CSVLoader' is not defined
2024-02-22 16:39:02,473 - INFO - Successfully loaded 8 documents.
2024-02-22 16:40:16,875 - INFO - Starting document loading from ../data/Evaluation Sets
2024-02-22 16:40:17,215 - ERROR - Error loading DOCX files: 'DirectoryLoader' object has no attribute 'loaded_count'
2024-02-22 16:40:17,411 - ERROR - Error loading TXT files: 'DirectoryLoader' object has no attribute 'loaded_count'
2024-02-22 16:40:17,411 - ERROR - Error loading PDF files: name 'PyPDFLoader' is not defined
2024-02-22 16:40:17,412 - ERROR - Error loading CSV files: name 'CSVLoader' is not defined
2024-02-22 16:40:17,412 - INFO - Successfully loaded 8 documents.
2024-02-22 16:44:36,788 - INFO - Starting document loading from ../data/Evaluation Sets
2024-02-22 16:44:37,119 - ERROR - Error loading DOCX files: 'DirectoryLoader' object has no attribute 'loaded_count'
2024-02-22 16:44:37,120 - ERROR - Error loading TXT files: name 'TextLoader' is not defined
2024-02-22 16:44:37,120 - ERROR - Error loading PDF files: name 'PyPDFLoader' is not defined
2024-02-22 16:44:37,120 - ERROR - Error loading CSV files: name 'CSVLoader' is not defined
2024-02-22 16:44:37,120 - INFO - Successfully loaded 4 documents.
2024-02-22 16:46:27,598 - INFO - Starting document loading from ../data
2024-02-22 16:46:28,100 - ERROR - Error loading DOCX files: 'DirectoryLoader' object has no attribute 'loaded_count'
2024-02-22 16:46:28,100 - ERROR - Error loading TXT files: name 'TextLoader' is not defined
2024-02-22 16:46:28,101 - ERROR - Error loading PDF files: name 'PyPDFLoader' is not defined
2024-02-22 16:46:28,101 - ERROR - Error loading CSV files: name 'CSVLoader' is not defined
2024-02-22 16:46:28,101 - INFO - Successfully loaded 5 documents.
2024-02-22 16:48:34,022 - INFO - Starting document loading from ../data/Evaluation Sets/contract
2024-02-22 16:48:34,307 - ERROR - Error loading DOCX files: 'DirectoryLoader' object has no attribute 'loaded_count'
2024-02-22 16:48:34,307 - ERROR - Error loading TXT files: name 'TextLoader' is not defined
2024-02-22 16:48:34,307 - ERROR - Error loading PDF files: name 'PyPDFLoader' is not defined
2024-02-22 16:48:34,307 - ERROR - Error loading CSV files: name 'CSVLoader' is not defined
2024-02-22 16:48:34,307 - INFO - Successfully loaded 1 documents.
2024-02-22 16:55:12,264 - INFO - Starting document loading from ../data/Evaluation Sets/contract
2024-02-22 16:55:12,568 - ERROR - Error loading DOCX files: 'DirectoryLoader' object has no attribute 'loaded_count'
2024-02-22 16:55:12,568 - ERROR - Error loading TXT files: name 'TextLoader' is not defined
2024-02-22 16:55:12,569 - ERROR - Error loading PDF files: name 'PyPDFLoader' is not defined
2024-02-22 16:55:12,569 - ERROR - Error loading CSV files: name 'CSVLoader' is not defined
2024-02-22 16:55:12,569 - INFO - Successfully loaded 1 documents.
2024-02-22 17:28:02,369 - INFO - Starting document loading from ../data/Evaluation Sets/contract
2024-02-22 17:28:03,241 - ERROR - Error loading DOCX files: 'DirectoryLoader' object has no attribute 'loaded_count'
2024-02-22 17:28:03,241 - ERROR - Error loading TXT files: name 'TextLoader' is not defined
2024-02-22 17:28:03,242 - ERROR - Error loading PDF files: name 'PyPDFLoader' is not defined
2024-02-22 17:28:03,242 - ERROR - Error loading CSV files: name 'CSVLoader' is not defined
2024-02-22 17:28:03,242 - INFO - Successfully loaded 1 documents.
2024-02-22 18:26:26,635 - INFO - Starting document loading from ../data/Evaluation Sets/contract
2024-02-22 18:26:27,547 - ERROR - Error loading DOCX files: 'DirectoryLoader' object has no attribute 'loaded_count'
2024-02-22 18:26:27,547 - ERROR - Error loading TXT files: name 'TextLoader' is not defined
2024-02-22 18:26:27,548 - ERROR - Error loading PDF files: name 'PyPDFLoader' is not defined
2024-02-22 18:26:27,548 - ERROR - Error loading CSV files: name 'CSVLoader' is not defined
2024-02-22 18:26:27,548 - INFO - Successfully loaded 1 documents.
2024-02-22 18:30:25,645 - INFO - Starting document loading from ../data/Evaluation Sets/contract
2024-02-22 18:30:25,856 - ERROR - Error loading DOCX files: 'DirectoryLoader' object has no attribute 'loaded_count'
2024-02-22 18:30:25,857 - ERROR - Error loading TXT files: name 'TextLoader' is not defined
2024-02-22 18:30:25,858 - ERROR - Error loading PDF files: name 'PyPDFLoader' is not defined
2024-02-22 18:30:25,858 - ERROR - Error loading CSV files: name 'CSVLoader' is not defined
2024-02-22 18:30:25,858 - INFO - Successfully loaded 1 documents.
2024-02-22 18:50:44,970 - INFO - Backing off send_request(...) for 0.3s (requests.exceptions.ConnectionError: HTTPSConnectionPool(host='us-api.i.posthog.com', port=443): Max retries exceeded with url: /batch/ (Caused by NameResolutionError("<urllib3.connection.HTTPSConnection object at 0x7fcec8047690>: Failed to resolve 'us-api.i.posthog.com' ([Errno -2] Name or service not known)")))
2024-02-22 18:53:38,291 - INFO - Starting document loading from ../data/Evaluation Sets/contract
2024-02-22 18:53:38,742 - ERROR - Error loading DOCX files: 'DirectoryLoader' object has no attribute 'loaded_count'
2024-02-22 18:53:38,742 - ERROR - Error loading TXT files: name 'TextLoader' is not defined
2024-02-22 18:53:38,742 - ERROR - Error loading PDF files: name 'PyPDFLoader' is not defined
2024-02-22 18:53:38,743 - ERROR - Error loading CSV files: name 'CSVLoader' is not defined
2024-02-22 18:53:38,743 - INFO - Successfully loaded 1 documents.
2024-02-22 19:00:52,609 - INFO - Starting document loading from ../data/Evaluation Sets/contract
2024-02-22 19:00:53,037 - ERROR - Error loading DOCX files: 'DirectoryLoader' object has no attribute 'loaded_count'
2024-02-22 19:00:53,038 - ERROR - Error loading TXT files: name 'TextLoader' is not defined
2024-02-22 19:00:53,039 - ERROR - Error loading PDF files: name 'PyPDFLoader' is not defined
2024-02-22 19:00:53,039 - ERROR - Error loading CSV files: name 'CSVLoader' is not defined
2024-02-22 19:00:53,039 - INFO - Successfully loaded 1 documents.
2024-02-22 22:22:16,111 - INFO - Starting document loading from ../data/Evaluation Sets/contract
2024-02-22 22:22:16,725 - ERROR - Error loading DOCX files: 'DirectoryLoader' object has no attribute 'loaded_count'
2024-02-22 22:22:16,726 - ERROR - Error loading TXT files: name 'TextLoader' is not defined
2024-02-22 22:22:16,726 - ERROR - Error loading PDF files: name 'PyPDFLoader' is not defined
2024-02-22 22:22:16,727 - ERROR - Error loading CSV files: name 'CSVLoader' is not defined
2024-02-22 22:22:16,728 - INFO - Successfully loaded 1 documents.
2024-02-22 22:36:08,562 - INFO - Starting document loading from ../data/Evaluation Sets/contract
2024-02-22 22:36:09,536 - ERROR - Error loading DOCX files: 'DirectoryLoader' object has no attribute 'loaded_count'
2024-02-22 22:36:09,537 - ERROR - Error loading TXT files: name 'TextLoader' is not defined
2024-02-22 22:36:09,538 - ERROR - Error loading PDF files: name 'PyPDFLoader' is not defined
2024-02-22 22:36:09,538 - ERROR - Error loading CSV files: name 'CSVLoader' is not defined
2024-02-22 22:36:09,538 - INFO - Successfully loaded 1 documents.
2024-02-22 22:38:57,048 - INFO - Starting document loading from ../data/Evaluation Sets/contract
2024-02-22 22:38:57,642 - ERROR - Error loading DOCX files: 'DirectoryLoader' object has no attribute 'loaded_count'
2024-02-22 22:38:57,642 - ERROR - Error loading TXT files: name 'TextLoader' is not defined
2024-02-22 22:38:57,643 - ERROR - Error loading PDF files: name 'PyPDFLoader' is not defined
2024-02-22 22:38:57,643 - ERROR - Error loading CSV files: name 'CSVLoader' is not defined
2024-02-22 22:38:57,644 - INFO - Successfully loaded 1 documents.
2024-02-22 22:54:09,348 - INFO - Starting document loading from ../data/Evaluation Sets/contract
2024-02-22 22:54:09,850 - ERROR - Error loading DOCX files: 'DirectoryLoader' object has no attribute 'loaded_count'
2024-02-22 22:54:09,851 - ERROR - Error loading TXT files: name 'TextLoader' is not defined
2024-02-22 22:54:09,851 - ERROR - Error loading PDF files: name 'PyPDFLoader' is not defined
2024-02-22 22:54:09,851 - ERROR - Error loading CSV files: name 'CSVLoader' is not defined
2024-02-22 22:54:09,852 - INFO - Successfully loaded 1 documents.
2024-02-22 23:12:15,751 - INFO - Starting document loading from ../data/Evaluation Sets/contract
2024-02-22 23:12:16,276 - ERROR - Error loading DOCX files: 'DirectoryLoader' object has no attribute 'loaded_count'
2024-02-22 23:12:16,277 - ERROR - Error loading TXT files: name 'TextLoader' is not defined
2024-02-22 23:12:16,277 - ERROR - Error loading PDF files: name 'PyPDFLoader' is not defined
2024-02-22 23:12:16,277 - ERROR - Error loading CSV files: name 'CSVLoader' is not defined
2024-02-22 23:12:16,277 - INFO - Successfully loaded 1 documents.
2024-02-22 23:12:37,903 - INFO - Backing off send_request(...) for 0.7s (requests.exceptions.ReadTimeout: HTTPSConnectionPool(host='us-api.i.posthog.com', port=443): Read timed out. (read timeout=15))
2024-02-23 00:45:37,040 - INFO - Starting document loading from ../data/Evaluation Sets/contract
2024-02-23 00:45:38,473 - ERROR - Error loading DOCX files: 'DirectoryLoader' object has no attribute 'loaded_count'
2024-02-23 00:45:38,473 - ERROR - Error loading TXT files: name 'TextLoader' is not defined
2024-02-23 00:45:38,474 - ERROR - Error loading PDF files: name 'PyPDFLoader' is not defined
2024-02-23 00:45:38,474 - ERROR - Error loading CSV files: name 'CSVLoader' is not defined
2024-02-23 00:45:38,474 - INFO - Successfully loaded 1 documents.
2024-02-23 09:49:00,003 - INFO - Starting document loading from ../data/Evaluation Sets/contract
2024-02-23 09:49:00,735 - ERROR - Error loading DOCX files: 'DirectoryLoader' object has no attribute 'loaded_count'
2024-02-23 09:49:00,736 - ERROR - Error loading TXT files: name 'TextLoader' is not defined
2024-02-23 09:49:00,736 - ERROR - Error loading PDF files: name 'PyPDFLoader' is not defined
2024-02-23 09:49:00,736 - ERROR - Error loading CSV files: name 'CSVLoader' is not defined
2024-02-23 09:49:00,737 - INFO - Successfully loaded 1 documents.
2024-02-23 09:49:06,140 - INFO - Backing off send_request(...) for 0.8s (requests.exceptions.ConnectionError: HTTPSConnectionPool(host='us-api.i.posthog.com', port=443): Max retries exceeded with url: /batch/ (Caused by NameResolutionError("<urllib3.connection.HTTPSConnection object at 0x7f1a2d73bb50>: Failed to resolve 'us-api.i.posthog.com' ([Errno -2] Name or service not known)")))
2024-02-23 10:08:56,725 - INFO - Starting document loading from ../data/Evaluation Sets/contract
2024-02-23 10:08:56,871 - ERROR - Error loading DOCX files: 'DirectoryLoader' object has no attribute 'loaded_count'
2024-02-23 10:08:56,871 - ERROR - Error loading TXT files: name 'TextLoader' is not defined
2024-02-23 10:08:56,871 - ERROR - Error loading PDF files: name 'PyPDFLoader' is not defined
2024-02-23 10:08:56,871 - ERROR - Error loading CSV files: name 'CSVLoader' is not defined
2024-02-23 10:08:56,871 - INFO - Successfully loaded 1 documents.
